MONGODB [DEBUG] Please note that logging negatively impacts client-side performance. You should set your logging level no lower than :info in production.
MONGODB (283ms) admin['$cmd'].find({:ismaster=>1}).limit(-1)


Started GET "/assets/rails.png" for 127.0.0.1 at 2012-03-03 11:16:36 +0200
Served asset /rails.png - 200 OK (17ms)
MONGODB [DEBUG] Please note that logging negatively impacts client-side performance. You should set your logging level no lower than :info in production.
MONGODB (22ms) admin['$cmd'].find({:ismaster=>1}).limit(-1)


Started GET "/assets/rails.png" for 127.0.0.1 at 2012-03-03 11:18:51 +0200
Served asset /rails.png - 304 Not Modified (41ms)
MONGODB [DEBUG] Please note that logging negatively impacts client-side performance. You should set your logging level no lower than :info in production.
MONGODB (0ms) admin['$cmd'].find({:ismaster=>1}).limit(-1)


Started GET "/assets/rails.png" for 127.0.0.1 at 2012-03-03 11:19:17 +0200
Served asset /rails.png - 304 Not Modified (4ms)


Started GET "/assets/rails.png" for 127.0.0.1 at 2012-03-03 11:19:18 +0200
Served asset /rails.png - 304 Not Modified (0ms)
MONGODB [DEBUG] Please note that logging negatively impacts client-side performance. You should set your logging level no lower than :info in production.
MONGODB (0ms) admin['$cmd'].find({:ismaster=>1}).limit(-1)
MONGODB [DEBUG] Please note that logging negatively impacts client-side performance. You should set your logging level no lower than :info in production.
MONGODB (0ms) admin['$cmd'].find({:ismaster=>1}).limit(-1)


Started GET "/assets/rails.png" for 127.0.0.1 at 2012-03-03 11:22:54 +0200
Served asset /rails.png - 304 Not Modified (6ms)
MONGODB [DEBUG] Please note that logging negatively impacts client-side performance. You should set your logging level no lower than :info in production.
MONGODB (0ms) admin['$cmd'].find({:ismaster=>1}).limit(-1)


Started GET "/assets/rails.png" for 127.0.0.1 at 2012-03-03 11:23:54 +0200
Served asset /rails.png - 304 Not Modified (5ms)


Started GET "/rails/info/properties" for 127.0.0.1 at 2012-03-03 11:27:41 +0200
Processing by Rails::InfoController#properties as */*
  Rendered inline template (2.6ms)
Completed 200 OK in 32ms (Views: 31.9ms)


Started GET "/rails/info/properties" for 127.0.0.1 at 2012-03-03 11:27:51 +0200
Processing by Rails::InfoController#properties as */*
  Rendered inline template (0.7ms)
Completed 200 OK in 3ms (Views: 1.8ms)


Started GET "/assets/rails.png" for 127.0.0.1 at 2012-03-03 11:28:21 +0200
Served asset /rails.png - 304 Not Modified (0ms)


Started GET "/assets/rails.png" for 127.0.0.1 at 2012-03-03 11:28:22 +0200
Served asset /rails.png - 304 Not Modified (0ms)


Started GET "/assets/rails.png" for 127.0.0.1 at 2012-03-03 11:28:23 +0200
Served asset /rails.png - 304 Not Modified (0ms)


Started GET "/assets/rails.png" for 127.0.0.1 at 2012-03-03 11:28:23 +0200
Served asset /rails.png - 304 Not Modified (0ms)


Started GET "/assets/rails.png" for 127.0.0.1 at 2012-03-03 11:28:23 +0200
Served asset /rails.png - 304 Not Modified (0ms)


Started GET "/assets/rails.png" for 127.0.0.1 at 2012-03-03 11:28:23 +0200
Served asset /rails.png - 304 Not Modified (0ms)
